<?xml version="1.0" encoding="UTF-8"?>
<!-- Generated by org.testng.reporters.JUnitReportReporter -->
<testsuite hostname="DESKTOP-4FDMR29" failures="0" tests="1" name="com.saucedemo.utils.CreateRepoTest" time="1.973" errors="0" timestamp="2022-01-02T18:55:43 EST" skipped="0">
  <testcase classname="com.saucedemo.utils.CreateRepoTest" name="getRepositoryTestCase" time="1.973"/>
  <system-out/>
</testsuite> <!-- com.saucedemo.utils.CreateRepoTest -->
